
> hs-classification-mvp@0.1.0 import:sars
> tsx src/scripts/import-sars-data.ts

🚀 Starting SARS Tariff Book import...
📍 PDF Location: /Users/seanking/Projects/bluelantern core data/SARS Tariff book.pdf
💾 Creating database backup...
📄 Enhanced Parsing of SARS Tariff Book from: /Users/seanking/Projects/bluelantern core data/SARS Tariff book.pdf
📖 Total pages: 701
📝 Starting enhanced text extraction...

🔄 Pass 1: Extracting structure...
  ✓ Section I: LIVE ANIMALS; ANIMAL PRODUCTS...
  ✓ Chapter 01: LIVE ANIMALS...
  ✓ Chapter 02: MEAT AND EDIBLE MEAT OFFAL...
  ✓ Chapter 03: FISH AND CRUSTACEANS, MOLLUSCS AND OTHER AQUATIC I...
  ✓ Chapter 04: DAIRY PRODUCE; BIRDS' EGGS; NATURAL HONEY; EDIBLE ...
  ✓ Chapter 05: PRODUCTS OF ANIMAL ORIGIN, NOT ELSEWHERE SPECIFIED...
  ✓ Section II: VEGETABLE PRODUCTS...
  ✓ Chapter 06: LIVE TREES AND OTHER PLANTS; BULBS, ROOTS AND THE ...
  ✓ Chapter 07: EDIBLE VEGETABLES AND CERTAIN ROOTS AND TUBERS...
  ✓ Chapter 08: EDIBLE FRUIT AND NUTS; PEEL OF CITRUS FRUIT OR MEL...
  ✓ Chapter 09: COFFEE, TEA, MATÉ AND SPICES...
  ✓ Chapter 10: CEREALS...
  ✓ Chapter 11: PRODUCTS OF THE MILLING INDUSTRY; MALT; STARCHES; ...
  ✓ Chapter 12: OIL SEEDS AND OLEAGINOUS FRUITS; MISCELLANEOUS GRA...
  ✓ Chapter 13: LAC; GUMS, RESINS AND OTHER VEGETABLE SAPS AND EXT...
  ✓ Chapter 14: VEGETABLE PLAITING MATERIALS; VEGETABLE PRODUCTS N...
  ✓ Section III: ANIMAL, VEGETABLE OR MICROBIAL FATS AND OILS AND T...
  ✓ Chapter 15: ANIMAL, VEGETABLE OR MICROBIAL FATS AND OILS AND T...
  ✓ Section IV: PREPARED FOODSTUFFS; BEVERAGES, SPIRITS AND VINEGA...
  ✓ Chapter 16: PREPARATIONS OF MEAT, OF FISH, OF CRUSTACEANS, MOL...
  ✓ Chapter 17: SUGARS AND SUGAR CONFECTIONERY...
  ✓ Chapter 18: COCOA AND COCOA PREPARATIONS...
  ✓ Chapter 19: PREPARATIONS OF CEREALS, FLOUR, STARCH OR MILK; PA...
  ✓ Chapter 20: PREPARATIONS OF VEGETABLES, FRUIT, NUTS OR OTHER P...
  ✓ Chapter 21: MISCELLANEOUS EDIBLE PREPARATIONS...
  ✓ Chapter 22: BEVERAGES, SPIRITS AND VINEGAR...
  ✓ Chapter 23: RESIDUES AND WASTE FROM THE FOOD INDUSTRIES; PREPA...
  ✓ Chapter 24: TOBACCO AND MANUFACTURED TOBACCO SUBSTITUTES; PROD...
  ✓ Section V: MINERAL PRODUCTS SCHEDULE 1 / PART 1 / SECTION V C...
  ✓ Chapter 25: SALT; SULPHUR; EARTHS AND STONE; PLASTERING MATERI...
  ✓ Chapter 26: ORES, SLAG AND ASH...
  ✓ Chapter 27: MINERAL FUELS, MINERAL OILS AND PRODUCTS OF THEIR ...
  ✓ Section VI: PRODUCTS OF THE CHEMICAL OR ALLIED INDUSTRIES...
  ✓ Chapter 28: INORGANIC CHEMICALS; ORGANIC OR INORGANIC COMPOUND...
  ✓ Chapter 29: ORGANIC CHEMICALS...
  ✓ Chapter 30: PHARMACEUTICAL PRODUCTS...
  ✓ Chapter 31: FERTILIZERS...
  ✓ Chapter 32: TANNING OR DYEING EXTRACTS; TANNINS AND THEIR DERI...
  ✓ Chapter 33: ESSENTIAL OILS AND RESINOIDS; PERFUMERY, COSMETIC ...
  ✓ Chapter 34: SOAP, ORGANIC SURFACE-ACTIVE AGENTS, WASHING PREPA...
  ✓ Chapter 35: ALBUMINOIDAL SUBSTANCES; MODIFIED STARCHES; GLUES;...
  ✓ Chapter 36: EXPLOSIVES; PYROTECHNIC PRODUCTS; MATCHES; PYROPHO...
  ✓ Chapter 37: PHOTOGRAPHIC OR CINEMATOGRAPHIC GOODS...
  ✓ Chapter 38: MISCELLANEOUS CHEMICAL PRODUCTS...
  ✓ Section VII: PLASTICS AND ARTICLES THEREOF; RUBBER AND ARTICLES...
  ✓ Chapter 39: PLASTICS AND ARTICLES THEREOF...
  ✓ Chapter 40: RUBBER AND ARTICLES THEREOF...
  ✓ Section VIII: RAW HIDES AND SKINS, LEATHER, FURSKINS AND ARTICLE...
  ✓ Chapter 41: RAW HIDES AND SKINS (OTHER THAN FURSKINS) AND LEAT...
  ✓ Chapter 42: ARTICLES OF LEATHER; SADDLERY AND HARNESS; TRAVEL ...
  ✓ Chapter 43: FURSKINS AND ARTIFICIAL FUR; MANUFACTURES THEREOF...
  ✓ Section IX: WOOD AND ARTICLES OF WOOD; WOOD CHARCOAL; CORK AND...
  ✓ Chapter 44: WOOD AND ARTICLES OF WOOD; WOOD CHARCOAL...
  ✓ Chapter 45: CORK AND ARTICLES OF CORK...
  ✓ Chapter 46: MANUFACTURES OF STRAW, OF ESPARTO OR OF OTHER PLAI...
  ✓ Section X: PULP OF WOOD OR OF OTHER FIBROUS CELLULOSIC MATERI...
  ✓ Chapter 47: PULP OF WOOD OR OF OTHER FIBROUS CELLULOSIC MATERI...
  ✓ Chapter 48: PAPER AND PAPERBOARD; ARTICLES OF PAPER PULP, OF P...
  ✓ Chapter 49: PRINTED BOOKS, NEWSPAPERS, PICTURES AND OTHER PROD...
  ✓ Section XI: TEXTILES AND TEXTILE ARTICLES...
  ✓ Chapter 50: SILK Customs & Excise Tariff...
  ✓ Chapter 51: WOOL, FINE OR COARSE ANIMAL HAIR; HORSEHAIR YARN A...
  ✓ Chapter 52: COTTON...
  ✓ Chapter 53: OTHER VEGETABLE TEXTILE FIBRES; PAPER YARN AND WOV...
  ✓ Chapter 54: MAN-MADE FILAMENTS; STRIP AND THE LIKE OF MAN-MADE...
  ✓ Chapter 55: MAN-MADE STAPLE FIBRES...
  ✓ Chapter 56: WADDING, FELT AND NONWOVENS; SPECIAL YARNS; TWINE,...
  ✓ Chapter 57: CARPETS AND OTHER TEXTILE FLOOR COVERINGS...
  ✓ Chapter 58: SPECIAL WOVEN FABRICS; TUFTED TEXTILE FABRICS; LAC...
  ✓ Chapter 59: IMPREGNATED, COATED, COVERED OR LAMINATED TEXTILE ...
  ✓ Chapter 60: KNITTED OR CROCHETED FABRICS...
  ✓ Chapter 61: ARTICLES OF APPAREL AND CLOTHING ACCESSORIES, KNIT...
  ✓ Chapter 62: ARTICLES OF APPAREL AND CLOTHING ACCESSORIES, NOT ...
  ✓ Chapter 63: OTHER MADE UP TEXTILE ARTICLES; SETS; WORN CLOTHIN...
  ✓ Section XII: FOOTWEAR, HEADGEAR, UMBRELLAS, SUN UMBRELLAS, WALK...
  ✓ Chapter 64: FOOTWEAR, GAITERS AND THE LIKE; PARTS OF SUCH ARTI...
  ✓ Chapter 65: HEADGEAR AND PARTS THEREOF...
  ✓ Chapter 66: UMBRELLAS, SUN UMBRELLAS, WALKING-STICKS, SEAT-STI...
  ✓ Chapter 67: PREPARED FEATHERS AND DOWN AND ARTICLES MADE OF FE...
  ✓ Section XIII: ARTICLES OF STONE, PLASTER, CEMENT, ASBESTOS, MICA...
  ✓ Chapter 68: ARTICLES OF STONE, PLASTER, CEMENT, ASBESTOS, MICA...
  ✓ Chapter 69: CERAMIC PRODUCTS...
  ✓ Chapter 70: GLASS AND GLASSWARE...
  ✓ Section XIV: NATURAL OR CULTURED PEARLS, PRECIOUS OR SEMI-PRECI...
  ✓ Chapter 71: NATURAL OR CULTURED PEARLS, PRECIOUS OR SEMI-PRECI...
  ✓ Section XV: BASE METALS AND ARTICLES OF BASE METAL...
  ✓ Chapter 72: IRON AND STEEL...
  ✓ Chapter 73: ARTICLES OF IRON OR STEEL...
  ✓ Chapter 74: COPPER AND ARTICLES THEREOF...
  ✓ Chapter 75: NICKEL AND ARTICLES THEREOF...
  ✓ Chapter 76: ALUMINIUM AND ARTICLES THEREOF...
  ✓ Chapter 78: LEAD AND ARTICLES THEREOF...
  ✓ Chapter 79: ZINC AND ARTICLES THEREOF...
  ✓ Chapter 80: TIN AND ARTICLES THEREOF...
  ✓ Chapter 81: OTHER BASE METALS; CERMETS; ARTICLES THEREOF Custo...
  ✓ Chapter 82: TOOLS, IMPLEMENTS, CUTLERY, SPOONS AND FORKS, OF B...
  ✓ Chapter 83: MISCELLANEOUS ARTICLES OF BASE METAL...
  ✓ Section XVI: MACHINERY AND MECHANICAL APPLIANCES; ELECTRICAL EQ...
  ✓ Chapter 84: NUCLEAR REACTORS, BOILERS, MACHINERY AND MECHANICA...
  ✓ Chapter 85: ELECTRICAL MACHINERY AND EQUIPMENT AND PARTS THERE...
  ✓ Section XVII: VEHICLES, AIRCRAFT, VESSELS AND ASSOCIATED TRANSPO...
  ✓ Chapter 86: RAILWAY OR TRAMWAY LOCOMOTIVES, ROLLING-STOCK AND ...
  ✓ Chapter 87: VEHICLES (EXCLUDING RAILWAY OR TRAMWAY ROLLING-STO...
  ✓ Chapter 88: AIRCRAFT, SPACECRAFT, AND PARTS THEREOF...
  ✓ Chapter 89: SHIPS, BOATS AND FLOATING STRUCTURES...
  ✓ Section XVIII: OPTICAL, PHOTOGRAPHIC, CINEMATOGRAPHIC, MEASURING,...
  ✓ Chapter 90: OPTICAL, PHOTOGRAPHIC, CINEMATOGRAPHIC, MEASURING,...
  ✓ Chapter 91: CLOCKS AND WATCHES AND PARTS THEREOF...
  ✓ Chapter 92: MUSICAL INSTRUMENTS; PART AND ACCESSORIES OF SUCH ...
  ✓ Section XIX: ARMS AND AMMUNITION; PARTS AND ACCESSORIES THEREOF...
  ✓ Chapter 93: ARMS AND AMMUNITION; PARTS AND ACCESSORIES THEREOF...
  ✓ Section XX: MISCELLANEOUS MANUFACTURED ARTICLES SCHEDULE 1 / P...
  ✓ Chapter 94: FURNITURE; BEDDING, MATTRESSES, MATTRESS SUPPORTS,...
  ✓ Chapter 95: TOYS, GAMES AND SPORTS REQUISITES; PARTS AND ACCES...
  ✓ Chapter 96: MISCELLANEOUS MANUFACTURED ARTICLES...
  ✓ Section XXI: WORKS OR ART, COLLECTORS' PIECES AND ANTIQUES SCHE...
  ✓ Chapter 97: WORKS OF ART, COLLECTORS PIECES AND ANTIOUES...
  ✓ Section XXII: SPECIAL CLASSIFICATION PROVISIONS SCHEDULE 1 / PAR...
  ✓ Chapter 98: ORIGINAL EQUIPMENT COMPONENTS...
  ✓ Chapter 99: MISCELLANEOUS CLASSIFICATION PROVISIONS...

🔄 Pass 2: Extracting notes...

🔄 Pass 3: Extracting tariff codes...

📊 Enhanced Parsing Summary:
  - 22 sections
  - 98 chapters
  - 0 legal notes
  - 0 tariff codes

📊 Parsed Summary:
  - 22 sections
  - 98 chapters
  - 0 legal notes
  - 0 tariff codes

🧹 Clearing existing SARS data...

📂 Importing sections...
  ✓ Imported 22 sections

📚 Importing chapters...
  ✓ Imported 98 chapters

📋 Importing legal notes...
  ✓ Imported 0 legal notes
  ✓ Found 0 exclusions
  ✓ Found 0 cross-references

🏷️ Importing tariff codes...
  ✓ Imported 0 tariff codes

🔍 Verifying data integrity...

✅ Import Summary:
{
  sections: 22,
  chapters: 98,
  headings: 0,
  subheadings: 0,
  tariff_items: 0,
  legal_notes: 0,
  exclusions: 0,
  cross_refs: 0
}

🧪 Testing check digit validation...

🎉 SARS data import complete!
✅ Import process completed successfully
